iCat-backup/app/build/intermediates/manifest_merge_blame_file/debug/manifest-merger-blame-debug-report.txt
1<?xml version="1.0" encoding="utf-8"?>
2<manifest xmlns:android="http://schemas.android.com/apk/res/android"
3    package="com.example.icat"
4    android:versionCode="1"
5    android:versionName="1.0" >
6
7    <uses-sdk
8        android:minSdkVersion="21"
8-->src\main\AndroidManifest.xml
9        android:targetSdkVersion="32" />
9-->src\main\AndroidManifest.xml
10
11    <uses-permission android:name="android.permission.ACCESS_COARSE_LOCATION" />
11-->src\main\AndroidManifest.xml:5:5-81
11-->src\main\AndroidManifest.xml:5:22-78
12    <uses-permission android:name="android.permission.ACCESS_FINE_LOCATION" />
12-->src\main\AndroidManifest.xml:6:5-79
12-->src\main\AndroidManifest.xml:6:22-76
13    <uses-permission android:name="android.permission.INTERNET" />
13-->src\main\AndroidManifest.xml:7:5-67
13-->src\main\AndroidManifest.xml:7:22-64
14    <uses-permission android:name="android.permission.ACCESS_NETWORK_STATE" />
14-->[com.firebaseui:firebase-ui-auth:8.0.1] AndroidManifest.xml:10:5-79
14-->[com.firebaseui:firebase-ui-auth:8.0.1] AndroidManifest.xml:10:22-76
15
16    <uses-feature
16-->[com.google.android.gms:play-services-maps:18.0.2] AndroidManifest.xml:26:5-28:35
17        android:glEsVersion="0x00020000"
17-->[com.google.android.gms:play-services-maps:18.0.2] AndroidManifest.xml:27:9-41
18        android:required="true" />
18-->[com.google.android.gms:play-services-maps:18.0.2] AndroidManifest.xml:28:9-32
19
20    <queries>
20-->[com.google.android.gms:play-services-maps:18.0.2] AndroidManifest.xml:30:5-34:15
21
22        <!-- Needs to be explicitly declared on Android R+ -->
23        <package android:name="com.google.android.apps.maps" />
23-->[com.google.android.gms:play-services-maps:18.0.2] AndroidManifest.xml:33:9-64
23-->[com.google.android.gms:play-services-maps:18.0.2] AndroidManifest.xml:33:18-61
24    </queries>
25
26    <uses-permission android:name="android.permission.WAKE_LOCK" />
26-->[com.google.android.gms:play-services-measurement-api:20.1.2] AndroidManifest.xml:24:5-68
26-->[com.google.android.gms:play-services-measurement-api:20.1.2] AndroidManifest.xml:24:22-65
27    <uses-permission android:name="com.google.android.gms.permission.AD_ID" />
27-->[com.google.android.gms:play-services-measurement-api:20.1.2] AndroidManifest.xml:25:5-79
27-->[com.google.android.gms:play-services-measurement-api:20.1.2] AndroidManifest.xml:25:22-76
28    <uses-permission android:name="com.google.android.finsky.permission.BIND_GET_INSTALL_REFERRER_SERVICE" />
28-->[com.google.android.gms:play-services-measurement:20.1.2] AndroidManifest.xml:26:5-110
28-->[com.google.android.gms:play-services-measurement:20.1.2] AndroidManifest.xml:26:22-107
29
30    <application
30-->src\main\AndroidManifest.xml:9:5-60:19
31        android:allowBackup="true"
31-->src\main\AndroidManifest.xml:10:9-35
32        android:appComponentFactory="androidx.core.app.CoreComponentFactory"
32-->[androidx.core:core:1.7.0] AndroidManifest.xml:24:18-86
33        android:debuggable="true"
34        android:icon="@mipmap/ic_launcher"
34-->src\main\AndroidManifest.xml:11:9-43
35        android:label="@string/app_name"
35-->src\main\AndroidManifest.xml:12:9-41
36        android:roundIcon="@mipmap/ic_launcher_round"
36-->src\main\AndroidManifest.xml:13:9-54
37        android:supportsRtl="true"
37-->src\main\AndroidManifest.xml:14:9-35
38        android:testOnly="true"
39        android:theme="@style/Theme.ICat" >
39-->src\main\AndroidManifest.xml:15:9-42
40        <activity
40-->src\main\AndroidManifest.xml:16:9-18:40
41            android:name="com.example.icat.PetshopActivity"
41-->src\main\AndroidManifest.xml:17:13-44
42            android:exported="false" />
42-->src\main\AndroidManifest.xml:18:13-37
43        <activity
43-->src\main\AndroidManifest.xml:19:9-21:40
44            android:name="com.example.icat.BatalkanActivity"
44-->src\main\AndroidManifest.xml:20:13-45
45            android:exported="false" />
45-->src\main\AndroidManifest.xml:21:13-37
46        <activity
46-->src\main\AndroidManifest.xml:22:9-24:40
47            android:name="com.example.icat.LihatPesananActivity"
47-->src\main\AndroidManifest.xml:23:13-49
48            android:exported="false" />
48-->src\main\AndroidManifest.xml:24:13-37
49
50        <meta-data
51            android:name="com.google.android.geo.API_KEY"
51-->src\main\AndroidManifest.xml:27:13-58
52            android:value="AIzaSyAF2_KQEQp4JUBkYNo9LiMlV8izjSJhhKk" />
52-->src\main\AndroidManifest.xml:28:13-44
53
54        <activity
54-->src\main\AndroidManifest.xml:30:9-32:40
55            android:name="com.example.icat.MapsGroomingActivity"
55-->src\main\AndroidManifest.xml:31:13-49
56            android:exported="false" />
56-->src\main\AndroidManifest.xml:32:13-37
57        <activity
57-->src\main\AndroidManifest.xml:33:9-35:40
58            android:name="com.example.icat.GroomingActivity"
58-->src\main\AndroidManifest.xml:34:13-45
59            android:exported="false" />
59-->src\main\AndroidManifest.xml:35:13-37
60        <activity
60-->src\main\AndroidManifest.xml:36:9-38:40
61            android:name="com.example.icat.LayananActivity"
61-->src\main\AndroidManifest.xml:37:13-44
62            android:exported="false" />
62-->src\main\AndroidManifest.xml:38:13-37
63        <activity
63-->src\main\AndroidManifest.xml:39:9-47:20
64            android:name="com.example.icat.LandingActivity"
64-->src\main\AndroidManifest.xml:40:13-44
65            android:exported="true" >
65-->src\main\AndroidManifest.xml:41:13-36
66            <intent-filter>
66-->src\main\AndroidManifest.xml:42:13-46:29
67                <action android:name="android.intent.action.MAIN" />
67-->src\main\AndroidManifest.xml:43:17-69
67-->src\main\AndroidManifest.xml:43:25-66
68
69                <category android:name="android.intent.category.LAUNCHER" />
69-->src\main\AndroidManifest.xml:45:17-77
69-->src\main\AndroidManifest.xml:45:27-74
70            </intent-filter>
71        </activity>
72        <activity
72-->src\main\AndroidManifest.xml:48:9-51:38
73            android:name="com.example.icat.DaftarActivity"
73-->src\main\AndroidManifest.xml:49:13-43
74            android:exported="false"
74-->src\main\AndroidManifest.xml:50:13-37
75            android:label="Daftar" />
75-->src\main\AndroidManifest.xml:51:13-35
76        <activity
76-->src\main\AndroidManifest.xml:52:9-55:37
77            android:name="com.example.icat.MasukActivity"
77-->src\main\AndroidManifest.xml:53:13-42
78            android:exported="false"
78-->src\main\AndroidManifest.xml:54:13-37
79            android:label="Masuk" />
79-->src\main\AndroidManifest.xml:55:13-34
80        <activity
80-->src\main\AndroidManifest.xml:56:9-59:36
81            android:name="com.example.icat.MainActivity"
81-->src\main\AndroidManifest.xml:57:13-41
82            android:exported="true"
82-->src\main\AndroidManifest.xml:58:13-36
83            android:label="Main" />
83-->src\main\AndroidManifest.xml:59:13-33
84
85        <meta-data
85-->[com.firebaseui:firebase-ui-auth:8.0.1] AndroidManifest.xml:14:9-16:69
86            android:name="com.google.android.gms.version"
86-->[com.firebaseui:firebase-ui-auth:8.0.1] AndroidManifest.xml:15:13-58
87            android:value="@integer/google_play_services_version" />
87-->[com.firebaseui:firebase-ui-auth:8.0.1] AndroidManifest.xml:16:13-66
88        <meta-data
88-->[com.firebaseui:firebase-ui-auth:8.0.1] AndroidManifest.xml:17:9-19:63
89            android:name="com.facebook.sdk.ApplicationId"
89-->[com.firebaseui:firebase-ui-auth:8.0.1] AndroidManifest.xml:18:13-58
90            android:value="@string/facebook_application_id" />
90-->[com.firebaseui:firebase-ui-auth:8.0.1] AndroidManifest.xml:19:13-60
91
92        <activity
92-->[com.firebaseui:firebase-ui-auth:8.0.1] AndroidManifest.xml:21:9-25:61
93            android:name="com.firebase.ui.auth.KickoffActivity"
93-->[com.firebaseui:firebase-ui-auth:8.0.1] AndroidManifest.xml:22:13-64
94            android:exported="false"
94-->[com.firebaseui:firebase-ui-auth:8.0.1] AndroidManifest.xml:23:13-37
95            android:label=""
95-->[com.firebaseui:firebase-ui-auth:8.0.1] AndroidManifest.xml:24:13-29
96            android:theme="@style/FirebaseUI.Transparent" />
96-->[com.firebaseui:firebase-ui-auth:8.0.1] AndroidManifest.xml:25:13-58
97        <activity
97-->[com.firebaseui:firebase-ui-auth:8.0.1] AndroidManifest.xml:26:9-30:61
98            android:name="com.firebase.ui.auth.ui.idp.SingleSignInActivity"
98-->[com.firebaseui:firebase-ui-auth:8.0.1] AndroidManifest.xml:27:13-76
99            android:exported="false"
99-->[com.firebaseui:firebase-ui-auth:8.0.1] AndroidManifest.xml:28:13-37
100            android:label=""
100-->[com.firebaseui:firebase-ui-auth:8.0.1] AndroidManifest.xml:29:13-29
101            android:theme="@style/FirebaseUI.Transparent" />
101-->[com.firebaseui:firebase-ui-auth:8.0.1] AndroidManifest.xml:30:13-58
102        <activity
102-->[com.firebaseui:firebase-ui-auth:8.0.1] AndroidManifest.xml:31:9-35:61
103            android:name="com.firebase.ui.auth.ui.credentials.CredentialSaveActivity"
103-->[com.firebaseui:firebase-ui-auth:8.0.1] AndroidManifest.xml:32:13-86
104            android:exported="false"
104-->[com.firebaseui:firebase-ui-auth:8.0.1] AndroidManifest.xml:33:13-37
105            android:label=""
105-->[com.firebaseui:firebase-ui-auth:8.0.1] AndroidManifest.xml:34:13-29
106            android:theme="@style/FirebaseUI.Transparent" />
106-->[com.firebaseui:firebase-ui-auth:8.0.1] AndroidManifest.xml:35:13-58
107        <activity
107-->[com.firebaseui:firebase-ui-auth:8.0.1] AndroidManifest.xml:36:9-40:58
108            android:name="com.firebase.ui.auth.ui.email.RecoverPasswordActivity"
108-->[com.firebaseui:firebase-ui-auth:8.0.1] AndroidManifest.xml:37:13-81
109            android:exported="false"
109-->[com.firebaseui:firebase-ui-auth:8.0.1] AndroidManifest.xml:38:13-37
110            android:label="@string/fui_title_recover_password_activity"
110-->[com.firebaseui:firebase-ui-auth:8.0.1] AndroidManifest.xml:39:13-72
111            android:windowSoftInputMode="adjustResize" />
111-->[com.firebaseui:firebase-ui-auth:8.0.1] AndroidManifest.xml:40:13-55
112        <activity
112-->[com.firebaseui:firebase-ui-auth:8.0.1] AndroidManifest.xml:41:9-45:58
113            android:name="com.firebase.ui.auth.ui.email.EmailActivity"
113-->[com.firebaseui:firebase-ui-auth:8.0.1] AndroidManifest.xml:42:13-71
114            android:exported="false"
114-->[com.firebaseui:firebase-ui-auth:8.0.1] AndroidManifest.xml:43:13-37
115            android:label="@string/fui_sign_in_default"
115-->[com.firebaseui:firebase-ui-auth:8.0.1] AndroidManifest.xml:44:13-56
116            android:windowSoftInputMode="adjustResize" />
116-->[com.firebaseui:firebase-ui-auth:8.0.1] AndroidManifest.xml:45:13-55
117        <activity
117-->[com.firebaseui:firebase-ui-auth:8.0.1] AndroidManifest.xml:46:9-50:77
118            android:name="com.firebase.ui.auth.ui.phone.PhoneActivity"
118-->[com.firebaseui:firebase-ui-auth:8.0.1] AndroidManifest.xml:47:13-71
119            android:exported="false"
119-->[com.firebaseui:firebase-ui-auth:8.0.1] AndroidManifest.xml:48:13-37
120            android:label="@string/fui_sign_in_with_phone_number"
120-->[com.firebaseui:firebase-ui-auth:8.0.1] AndroidManifest.xml:49:13-66
121            android:windowSoftInputMode="adjustResize|stateAlwaysVisible" />
121-->[com.firebaseui:firebase-ui-auth:8.0.1] AndroidManifest.xml:50:13-74
122        <activity
122-->[com.firebaseui:firebase-ui-auth:8.0.1] AndroidManifest.xml:51:9-55:58
123            android:name="com.firebase.ui.auth.ui.idp.WelcomeBackIdpPrompt"
123-->[com.firebaseui:firebase-ui-auth:8.0.1] AndroidManifest.xml:52:13-76
124            android:exported="false"
124-->[com.firebaseui:firebase-ui-auth:8.0.1] AndroidManifest.xml:53:13-37
125            android:label="@string/fui_title_welcome_back_idp_prompt"
125-->[com.firebaseui:firebase-ui-auth:8.0.1] AndroidManifest.xml:54:13-70
126            android:windowSoftInputMode="adjustResize" />
126-->[com.firebaseui:firebase-ui-auth:8.0.1] AndroidManifest.xml:55:13-55
127        <activity
127-->[com.firebaseui:firebase-ui-auth:8.0.1] AndroidManifest.xml:56:9-60:58
128            android:name="com.firebase.ui.auth.ui.email.WelcomeBackPasswordPrompt"
128-->[com.firebaseui:firebase-ui-auth:8.0.1] AndroidManifest.xml:57:13-83
129            android:exported="false"
129-->[com.firebaseui:firebase-ui-auth:8.0.1] AndroidManifest.xml:58:13-37
130            android:label="@string/fui_title_welcome_back_password_prompt"
130-->[com.firebaseui:firebase-ui-auth:8.0.1] AndroidManifest.xml:59:13-75
131            android:windowSoftInputMode="adjustResize" />
131-->[com.firebaseui:firebase-ui-auth:8.0.1] AndroidManifest.xml:60:13-55
132        <activity
132-->[com.firebaseui:firebase-ui-auth:8.0.1] AndroidManifest.xml:61:9-65:58
133            android:name="com.firebase.ui.auth.ui.email.WelcomeBackEmailLinkPrompt"
133-->[com.firebaseui:firebase-ui-auth:8.0.1] AndroidManifest.xml:62:13-84
134            android:exported="false"
134-->[com.firebaseui:firebase-ui-auth:8.0.1] AndroidManifest.xml:63:13-37
135            android:label="@string/fui_title_welcome_back_password_prompt"
135-->[com.firebaseui:firebase-ui-auth:8.0.1] AndroidManifest.xml:64:13-75
136            android:windowSoftInputMode="adjustResize" />
136-->[com.firebaseui:firebase-ui-auth:8.0.1] AndroidManifest.xml:65:13-55
137        <activity
137-->[com.firebaseui:firebase-ui-auth:8.0.1] AndroidManifest.xml:66:9-71:58
138            android:name="com.firebase.ui.auth.ui.email.EmailLinkCatcherActivity"
138-->[com.firebaseui:firebase-ui-auth:8.0.1] AndroidManifest.xml:67:13-82
139            android:exported="false"
139-->[com.firebaseui:firebase-ui-auth:8.0.1] AndroidManifest.xml:68:13-37
140            android:label=""
140-->[com.firebaseui:firebase-ui-auth:8.0.1] AndroidManifest.xml:69:13-29
141            android:theme="@style/FirebaseUI.Transparent"
141-->[com.firebaseui:firebase-ui-auth:8.0.1] AndroidManifest.xml:70:13-58
142            android:windowSoftInputMode="adjustResize" />
142-->[com.firebaseui:firebase-ui-auth:8.0.1] AndroidManifest.xml:71:13-55
143        <activity
143-->[com.firebaseui:firebase-ui-auth:8.0.1] AndroidManifest.xml:72:9-76:58
144            android:name="com.firebase.ui.auth.ui.email.EmailLinkErrorRecoveryActivity"
144-->[com.firebaseui:firebase-ui-auth:8.0.1] AndroidManifest.xml:73:13-88
145            android:exported="false"
145-->[com.firebaseui:firebase-ui-auth:8.0.1] AndroidManifest.xml:74:13-37
146            android:label="@string/fui_sign_in_default"
146-->[com.firebaseui:firebase-ui-auth:8.0.1] AndroidManifest.xml:75:13-56
147            android:windowSoftInputMode="adjustResize" />
147-->[com.firebaseui:firebase-ui-auth:8.0.1] AndroidManifest.xml:76:13-55
148        <activity
148-->[com.firebaseui:firebase-ui-auth:8.0.1] AndroidManifest.xml:77:9-80:65
149            android:name="com.firebase.ui.auth.ui.idp.AuthMethodPickerActivity"
149-->[com.firebaseui:firebase-ui-auth:8.0.1] AndroidManifest.xml:78:13-80
150            android:exported="false"
150-->[com.firebaseui:firebase-ui-auth:8.0.1] AndroidManifest.xml:79:13-37
151            android:label="@string/fui_default_toolbar_title" />
151-->[com.firebaseui:firebase-ui-auth:8.0.1] AndroidManifest.xml:80:13-62
152        <activity
152-->[com.firebaseui:firebase-ui-auth:8.0.1] AndroidManifest.xml:81:9-85:48
153            android:name="com.facebook.FacebookActivity"
153-->[com.firebaseui:firebase-ui-auth:8.0.1] AndroidManifest.xml:82:13-57
154            android:configChanges="keyboard|keyboardHidden|screenLayout|screenSize|orientation"
154-->[com.firebaseui:firebase-ui-auth:8.0.1] AndroidManifest.xml:83:13-96
155            android:label="@string/app_name" />
155-->[com.firebaseui:firebase-ui-auth:8.0.1] AndroidManifest.xml:84:13-45
156        <activity
156-->[com.firebaseui:firebase-ui-auth:8.0.1] AndroidManifest.xml:86:9-98:20
157            android:name="com.facebook.CustomTabActivity"
157-->[com.firebaseui:firebase-ui-auth:8.0.1] AndroidManifest.xml:87:13-58
158            android:exported="true" >
158-->[com.firebaseui:firebase-ui-auth:8.0.1] AndroidManifest.xml:88:13-36
159            <intent-filter>
159-->[com.firebaseui:firebase-ui-auth:8.0.1] AndroidManifest.xml:90:13-97:29
160                <action android:name="android.intent.action.VIEW" />
160-->[com.firebaseui:firebase-ui-auth:8.0.1] AndroidManifest.xml:91:17-69
160-->[com.firebaseui:firebase-ui-auth:8.0.1] AndroidManifest.xml:91:25-66
161
162                <category android:name="android.intent.category.DEFAULT" />
162-->[com.firebaseui:firebase-ui-auth:8.0.1] AndroidManifest.xml:93:17-76
162-->[com.firebaseui:firebase-ui-auth:8.0.1] AndroidManifest.xml:93:27-73
163                <category android:name="android.intent.category.BROWSABLE" />
163-->[com.firebaseui:firebase-ui-auth:8.0.1] AndroidManifest.xml:94:17-78
163-->[com.firebaseui:firebase-ui-auth:8.0.1] AndroidManifest.xml:94:27-75
164
165                <data android:scheme="@string/facebook_login_protocol_scheme" />
165-->[com.firebaseui:firebase-ui-auth:8.0.1] AndroidManifest.xml:96:17-81
165-->[com.firebaseui:firebase-ui-auth:8.0.1] AndroidManifest.xml:96:23-78
166            </intent-filter>
167        </activity>
168
169        <provider
169-->[com.firebaseui:firebase-ui-auth:8.0.1] AndroidManifest.xml:100:9-104:38
170            android:name="com.firebase.ui.auth.data.client.AuthUiInitProvider"
170-->[com.firebaseui:firebase-ui-auth:8.0.1] AndroidManifest.xml:101:13-79
171            android:authorities="com.example.icat.authuiinitprovider"
171-->[com.firebaseui:firebase-ui-auth:8.0.1] AndroidManifest.xml:102:13-70
172            android:exported="false"
172-->[com.firebaseui:firebase-ui-auth:8.0.1] AndroidManifest.xml:103:13-37
173            android:initOrder="90" /> <!-- Needs to be explicitly declared on P+ -->
173-->[com.firebaseui:firebase-ui-auth:8.0.1] AndroidManifest.xml:104:13-35
174        <uses-library
174-->[com.google.android.gms:play-services-maps:18.0.2] AndroidManifest.xml:39:9-41:40
175            android:name="org.apache.http.legacy"
175-->[com.google.android.gms:play-services-maps:18.0.2] AndroidManifest.xml:40:13-50
176            android:required="false" />
176-->[com.google.android.gms:play-services-maps:18.0.2] AndroidManifest.xml:41:13-37
177
178        <service
178-->[com.google.firebase:firebase-firestore:24.1.1] AndroidManifest.xml:17:9-23:19
179            android:name="com.google.firebase.components.ComponentDiscoveryService"
179-->[com.google.firebase:firebase-firestore:24.1.1] AndroidManifest.xml:18:13-84
180            android:directBootAware="true"
180-->[com.google.firebase:firebase-common:20.1.0] AndroidManifest.xml:35:13-43
181            android:exported="false" >
181-->[com.google.firebase:firebase-firestore:24.1.1] AndroidManifest.xml:19:13-37
182            <meta-data
182-->[com.google.firebase:firebase-firestore:24.1.1] AndroidManifest.xml:20:13-22:85
183                android:name="com.google.firebase.components:com.google.firebase.firestore.FirestoreRegistrar"
183-->[com.google.firebase:firebase-firestore:24.1.1] AndroidManifest.xml:21:17-111
184                android:value="com.google.firebase.components.ComponentRegistrar" />
184-->[com.google.firebase:firebase-firestore:24.1.1] AndroidManifest.xml:22:17-82
185            <meta-data
185-->[com.google.firebase:firebase-auth:21.0.3] AndroidManifest.xml:67:13-69:85
186                android:name="com.google.firebase.components:com.google.firebase.auth.FirebaseAuthRegistrar"
186-->[com.google.firebase:firebase-auth:21.0.3] AndroidManifest.xml:68:17-109
187                android:value="com.google.firebase.components.ComponentRegistrar" />
187-->[com.google.firebase:firebase-auth:21.0.3] AndroidManifest.xml:69:17-82
188            <meta-data
188-->[com.google.firebase:firebase-storage:20.0.1] AndroidManifest.xml:33:13-35:85
189                android:name="com.google.firebase.components:com.google.firebase.storage.StorageRegistrar"
189-->[com.google.firebase:firebase-storage:20.0.1] AndroidManifest.xml:34:17-107
190                android:value="com.google.firebase.components.ComponentRegistrar" />
190-->[com.google.firebase:firebase-storage:20.0.1] AndroidManifest.xml:35:17-82
191            <meta-data
191-->[com.google.firebase:firebase-database:20.0.4] AndroidManifest.xml:32:13-34:85
192                android:name="com.google.firebase.components:com.google.firebase.database.DatabaseRegistrar"
192-->[com.google.firebase:firebase-database:20.0.4] AndroidManifest.xml:33:17-109
193                android:value="com.google.firebase.components.ComponentRegistrar" />
193-->[com.google.firebase:firebase-database:20.0.4] AndroidManifest.xml:34:17-82
194            <meta-data
194-->[com.google.android.gms:play-services-measurement-api:20.1.2] AndroidManifest.xml:31:13-33:85
195                android:name="com.google.firebase.components:com.google.firebase.analytics.connector.internal.AnalyticsConnectorRegistrar"
195-->[com.google.android.gms:play-services-measurement-api:20.1.2] AndroidManifest.xml:32:17-139
196                android:value="com.google.firebase.components.ComponentRegistrar" />
196-->[com.google.android.gms:play-services-measurement-api:20.1.2] AndroidManifest.xml:33:17-82
197            <meta-data
197-->[com.google.firebase:firebase-installations:17.0.1] AndroidManifest.xml:18:13-20:85
198                android:name="com.google.firebase.components:com.google.firebase.installations.FirebaseInstallationsRegistrar"
198-->[com.google.firebase:firebase-installations:17.0.1] AndroidManifest.xml:19:17-127
199                android:value="com.google.firebase.components.ComponentRegistrar" />
199-->[com.google.firebase:firebase-installations:17.0.1] AndroidManifest.xml:20:17-82
200        </service>
201
202        <activity
202-->[com.google.firebase:firebase-auth:21.0.3] AndroidManifest.xml:27:9-44:20
203            android:name="com.google.firebase.auth.internal.GenericIdpActivity"
203-->[com.google.firebase:firebase-auth:21.0.3] AndroidManifest.xml:28:13-80
204            android:excludeFromRecents="true"
204-->[com.google.firebase:firebase-auth:21.0.3] AndroidManifest.xml:29:13-46
205            android:exported="true"
205-->[com.google.firebase:firebase-auth:21.0.3] AndroidManifest.xml:30:13-36
206            android:launchMode="singleTask"
206-->[com.google.firebase:firebase-auth:21.0.3] AndroidManifest.xml:31:13-44
207            android:theme="@android:style/Theme.Translucent.NoTitleBar" >
207-->[com.google.firebase:firebase-auth:21.0.3] AndroidManifest.xml:32:13-72
208            <intent-filter>
208-->[com.google.firebase:firebase-auth:21.0.3] AndroidManifest.xml:33:13-43:29
209                <action android:name="android.intent.action.VIEW" />
209-->[com.firebaseui:firebase-ui-auth:8.0.1] AndroidManifest.xml:91:17-69
209-->[com.firebaseui:firebase-ui-auth:8.0.1] AndroidManifest.xml:91:25-66
210
211                <category android:name="android.intent.category.DEFAULT" />
211-->[com.firebaseui:firebase-ui-auth:8.0.1] AndroidManifest.xml:93:17-76
211-->[com.firebaseui:firebase-ui-auth:8.0.1] AndroidManifest.xml:93:27-73
212                <category android:name="android.intent.category.BROWSABLE" />
212-->[com.firebaseui:firebase-ui-auth:8.0.1] AndroidManifest.xml:94:17-78
212-->[com.firebaseui:firebase-ui-auth:8.0.1] AndroidManifest.xml:94:27-75
213
214                <data
214-->[com.firebaseui:firebase-ui-auth:8.0.1] AndroidManifest.xml:96:17-81
215                    android:host="firebase.auth"
216                    android:path="/"
217                    android:scheme="genericidp" />
217-->[com.firebaseui:firebase-ui-auth:8.0.1] AndroidManifest.xml:96:23-78
218            </intent-filter>
219        </activity>
220        <activity
220-->[com.google.firebase:firebase-auth:21.0.3] AndroidManifest.xml:45:9-62:20
221            android:name="com.google.firebase.auth.internal.RecaptchaActivity"
221-->[com.google.firebase:firebase-auth:21.0.3] AndroidManifest.xml:46:13-79
222            android:excludeFromRecents="true"
222-->[com.google.firebase:firebase-auth:21.0.3] AndroidManifest.xml:47:13-46
223            android:exported="true"
223-->[com.google.firebase:firebase-auth:21.0.3] AndroidManifest.xml:48:13-36
224            android:launchMode="singleTask"
224-->[com.google.firebase:firebase-auth:21.0.3] AndroidManifest.xml:49:13-44
225            android:theme="@android:style/Theme.Translucent.NoTitleBar" >
225-->[com.google.firebase:firebase-auth:21.0.3] AndroidManifest.xml:50:13-72
226            <intent-filter>
226-->[com.google.firebase:firebase-auth:21.0.3] AndroidManifest.xml:51:13-61:29
227                <action android:name="android.intent.action.VIEW" />
227-->[com.firebaseui:firebase-ui-auth:8.0.1] AndroidManifest.xml:91:17-69
227-->[com.firebaseui:firebase-ui-auth:8.0.1] AndroidManifest.xml:91:25-66
228
229                <category android:name="android.intent.category.DEFAULT" />
229-->[com.firebaseui:firebase-ui-auth:8.0.1] AndroidManifest.xml:93:17-76
229-->[com.firebaseui:firebase-ui-auth:8.0.1] AndroidManifest.xml:93:27-73
230                <category android:name="android.intent.category.BROWSABLE" />
230-->[com.firebaseui:firebase-ui-auth:8.0.1] AndroidManifest.xml:94:17-78
230-->[com.firebaseui:firebase-ui-auth:8.0.1] AndroidManifest.xml:94:27-75
231
232                <data
232-->[com.firebaseui:firebase-ui-auth:8.0.1] AndroidManifest.xml:96:17-81
233                    android:host="firebase.auth"
234                    android:path="/"
235                    android:scheme="recaptcha" />
235-->[com.firebaseui:firebase-ui-auth:8.0.1] AndroidManifest.xml:96:23-78
236            </intent-filter>
237        </activity>
238
239        <provider
239-->[com.google.firebase:firebase-common:20.1.0] AndroidManifest.xml:26:9-31:39
240            android:name="com.google.firebase.provider.FirebaseInitProvider"
240-->[com.google.firebase:firebase-common:20.1.0] AndroidManifest.xml:27:13-77
241            android:authorities="com.example.icat.firebaseinitprovider"
241-->[com.google.firebase:firebase-common:20.1.0] AndroidManifest.xml:28:13-72
242            android:directBootAware="true"
242-->[com.google.firebase:firebase-common:20.1.0] AndroidManifest.xml:29:13-43
243            android:exported="false"
243-->[com.google.firebase:firebase-common:20.1.0] AndroidManifest.xml:30:13-37
244            android:initOrder="100" />
244-->[com.google.firebase:firebase-common:20.1.0] AndroidManifest.xml:31:13-36
245
246        <activity
246-->[com.google.android.gms:play-services-auth:19.0.0] AndroidManifest.xml:23:9-27:75
247            android:name="com.google.android.gms.auth.api.signin.internal.SignInHubActivity"
247-->[com.google.android.gms:play-services-auth:19.0.0] AndroidManifest.xml:24:13-93
248            android:excludeFromRecents="true"
248-->[com.google.android.gms:play-services-auth:19.0.0] AndroidManifest.xml:25:13-46
249            android:exported="false"
249-->[com.google.android.gms:play-services-auth:19.0.0] AndroidManifest.xml:26:13-37
250            android:theme="@android:style/Theme.Translucent.NoTitleBar" />
250-->[com.google.android.gms:play-services-auth:19.0.0] AndroidManifest.xml:27:13-72
251        <!--
252            Service handling Google Sign-In user revocation. For apps that do not integrate with
253            Google Sign-In, this service will never be started.
254        -->
255        <service
255-->[com.google.android.gms:play-services-auth:19.0.0] AndroidManifest.xml:33:9-37:51
256            android:name="com.google.android.gms.auth.api.signin.RevocationBoundService"
256-->[com.google.android.gms:play-services-auth:19.0.0] AndroidManifest.xml:34:13-89
257            android:exported="true"
257-->[com.google.android.gms:play-services-auth:19.0.0] AndroidManifest.xml:35:13-36
258            android:permission="com.google.android.gms.auth.api.signin.permission.REVOCATION_NOTIFICATION"
258-->[com.google.android.gms:play-services-auth:19.0.0] AndroidManifest.xml:36:13-107
259            android:visibleToInstantApps="true" />
259-->[com.google.android.gms:play-services-auth:19.0.0] AndroidManifest.xml:37:13-48
260
261        <activity
261-->[com.google.android.gms:play-services-base:18.0.1] AndroidManifest.xml:20:9-22:45
262            android:name="com.google.android.gms.common.api.GoogleApiActivity"
262-->[com.google.android.gms:play-services-base:18.0.1] AndroidManifest.xml:20:19-85
263            android:exported="false"
263-->[com.google.android.gms:play-services-base:18.0.1] AndroidManifest.xml:22:19-43
264            android:theme="@android:style/Theme.Translucent.NoTitleBar" />
264-->[com.google.android.gms:play-services-base:18.0.1] AndroidManifest.xml:21:19-78
265
266        <receiver
266-->[com.google.android.gms:play-services-measurement:20.1.2] AndroidManifest.xml:29:9-33:20
267            android:name="com.google.android.gms.measurement.AppMeasurementReceiver"
267-->[com.google.android.gms:play-services-measurement:20.1.2] AndroidManifest.xml:30:13-85
268            android:enabled="true"
268-->[com.google.android.gms:play-services-measurement:20.1.2] AndroidManifest.xml:31:13-35
269            android:exported="false" >
269-->[com.google.android.gms:play-services-measurement:20.1.2] AndroidManifest.xml:32:13-37
270        </receiver>
271
272        <service
272-->[com.google.android.gms:play-services-measurement:20.1.2] AndroidManifest.xml:35:9-38:40
273            android:name="com.google.android.gms.measurement.AppMeasurementService"
273-->[com.google.android.gms:play-services-measurement:20.1.2] AndroidManifest.xml:36:13-84
274            android:enabled="true"
274-->[com.google.android.gms:play-services-measurement:20.1.2] AndroidManifest.xml:37:13-35
275            android:exported="false" />